<?xml version="1.0" encoding="UTF-8"?>
<!-- Generated by org.testng.reporters.JUnitReportReporter -->
<testsuite hostname="DESKTOP-V6S2GU6" failures="0" tests="1" name="tests.TestClass" time="7.219" errors="0" timestamp="2024-05-13T10:17:26 CEST" skipped="0">
  <testcase classname="tests.TestClass" name="Test_14_delete_Order" time="7.219"/>
</testsuite> <!-- tests.TestClass -->
